{"C:\\Users\\WINDOWS\\Documents\\RepartoParlamentario\\backend\\models\\Distrito.js": {"path":"C:\\Users\\WINDOWS\\Documents\\RepartoParlamentario\\backend\\models\\Distrito.js","statementMap":{"0":{"start":{"line":1,"column":17},"end":{"line":1,"column":36}},"1":{"start":{"line":3,"column":23},"end":{"line":8,"column":2}},"2":{"start":{"line":10,"column":0},"end":{"line":10,"column":60}}},"fnMap":{},"branchMap":{},"s":{"0":1,"1":1,"2":1},"f":{},"b":{},"_coverageSchema":"1a1c01bbd47fc00a2c39e90264f33305004495a9","hash":"7ebc3a06a35ed55f3fe9ebfc174308cb059e72a7"}
,"C:\\Users\\WINDOWS\\Documents\\RepartoParlamentario\\backend\\models\\Partido.js": {"path":"C:\\Users\\WINDOWS\\Documents\\RepartoParlamentario\\backend\\models\\Partido.js","statementMap":{"0":{"start":{"line":1,"column":17},"end":{"line":1,"column":36}},"1":{"start":{"line":3,"column":22},"end":{"line":8,"column":2}},"2":{"start":{"line":10,"column":0},"end":{"line":10,"column":58}}},"fnMap":{},"branchMap":{},"s":{"0":1,"1":1,"2":1},"f":{},"b":{},"_coverageSchema":"1a1c01bbd47fc00a2c39e90264f33305004495a9","hash":"e3088959876b6d813b18b6a1bb1117b023853f57"}
,"C:\\Users\\WINDOWS\\Documents\\RepartoParlamentario\\backend\\models\\Voto.js": {"path":"C:\\Users\\WINDOWS\\Documents\\RepartoParlamentario\\backend\\models\\Voto.js","statementMap":{"0":{"start":{"line":1,"column":17},"end":{"line":1,"column":36}},"1":{"start":{"line":3,"column":19},"end":{"line":8,"column":2}},"2":{"start":{"line":10,"column":0},"end":{"line":10,"column":53}}},"fnMap":{},"branchMap":{},"s":{"0":1,"1":1,"2":1},"f":{},"b":{},"_coverageSchema":"1a1c01bbd47fc00a2c39e90264f33305004495a9","hash":"989d2b44d98fe082018f73248f9db1bc18910191"}
,"C:\\Users\\WINDOWS\\Documents\\RepartoParlamentario\\backend\\routes\\api.js": {"path":"C:\\Users\\WINDOWS\\Documents\\RepartoParlamentario\\backend\\routes\\api.js","statementMap":{"0":{"start":{"line":1,"column":16},"end":{"line":1,"column":34}},"1":{"start":{"line":2,"column":15},"end":{"line":2,"column":31}},"2":{"start":{"line":3,"column":13},"end":{"line":3,"column":38}},"3":{"start":{"line":4,"column":16},"end":{"line":4,"column":44}},"4":{"start":{"line":5,"column":17},"end":{"line":5,"column":46}},"5":{"start":{"line":6,"column":49},"end":{"line":6,"column":79}},"6":{"start":{"line":9,"column":0},"end":{"line":16,"column":3}},"7":{"start":{"line":10,"column":4},"end":{"line":15,"column":5}},"8":{"start":{"line":11,"column":24},"end":{"line":11,"column":64}},"9":{"start":{"line":12,"column":8},"end":{"line":12,"column":26}},"10":{"start":{"line":14,"column":8},"end":{"line":14,"column":55}},"11":{"start":{"line":19,"column":0},"end":{"line":28,"column":3}},"12":{"start":{"line":20,"column":4},"end":{"line":27,"column":5}},"13":{"start":{"line":21,"column":42},"end":{"line":21,"column":50}},"14":{"start":{"line":22,"column":25},"end":{"line":22,"column":63}},"15":{"start":{"line":23,"column":8},"end":{"line":23,"column":30}},"16":{"start":{"line":24,"column":8},"end":{"line":24,"column":27}},"17":{"start":{"line":26,"column":8},"end":{"line":26,"column":55}},"18":{"start":{"line":31,"column":0},"end":{"line":40,"column":3}},"19":{"start":{"line":32,"column":4},"end":{"line":39,"column":5}},"20":{"start":{"line":33,"column":42},"end":{"line":33,"column":50}},"21":{"start":{"line":34,"column":29},"end":{"line":34,"column":138}},"22":{"start":{"line":35,"column":8},"end":{"line":35,"column":91}},"23":{"start":{"line":35,"column":27},"end":{"line":35,"column":91}},"24":{"start":{"line":36,"column":8},"end":{"line":36,"column":31}},"25":{"start":{"line":38,"column":8},"end":{"line":38,"column":55}},"26":{"start":{"line":43,"column":0},"end":{"line":56,"column":3}},"27":{"start":{"line":44,"column":4},"end":{"line":55,"column":5}},"28":{"start":{"line":46,"column":22},"end":{"line":46,"column":65}},"29":{"start":{"line":47,"column":8},"end":{"line":49,"column":9}},"30":{"start":{"line":48,"column":12},"end":{"line":48,"column":143}},"31":{"start":{"line":50,"column":29},"end":{"line":50,"column":75}},"32":{"start":{"line":51,"column":8},"end":{"line":51,"column":91}},"33":{"start":{"line":51,"column":27},"end":{"line":51,"column":91}},"34":{"start":{"line":52,"column":8},"end":{"line":52,"column":65}},"35":{"start":{"line":54,"column":8},"end":{"line":54,"column":55}},"36":{"start":{"line":59,"column":0},"end":{"line":66,"column":3}},"37":{"start":{"line":60,"column":4},"end":{"line":65,"column":5}},"38":{"start":{"line":61,"column":26},"end":{"line":61,"column":67}},"39":{"start":{"line":62,"column":8},"end":{"line":62,"column":28}},"40":{"start":{"line":64,"column":8},"end":{"line":64,"column":55}},"41":{"start":{"line":69,"column":0},"end":{"line":78,"column":3}},"42":{"start":{"line":70,"column":4},"end":{"line":77,"column":5}},"43":{"start":{"line":71,"column":57},"end":{"line":71,"column":65}},"44":{"start":{"line":72,"column":28},"end":{"line":72,"column":82}},"45":{"start":{"line":73,"column":8},"end":{"line":73,"column":33}},"46":{"start":{"line":74,"column":8},"end":{"line":74,"column":30}},"47":{"start":{"line":76,"column":8},"end":{"line":76,"column":55}},"48":{"start":{"line":81,"column":0},"end":{"line":90,"column":3}},"49":{"start":{"line":82,"column":4},"end":{"line":89,"column":5}},"50":{"start":{"line":83,"column":57},"end":{"line":83,"column":65}},"51":{"start":{"line":84,"column":32},"end":{"line":84,"column":157}},"52":{"start":{"line":85,"column":8},"end":{"line":85,"column":95}},"53":{"start":{"line":85,"column":30},"end":{"line":85,"column":95}},"54":{"start":{"line":86,"column":8},"end":{"line":86,"column":34}},"55":{"start":{"line":88,"column":8},"end":{"line":88,"column":55}},"56":{"start":{"line":93,"column":0},"end":{"line":106,"column":3}},"57":{"start":{"line":94,"column":4},"end":{"line":105,"column":5}},"58":{"start":{"line":96,"column":22},"end":{"line":96,"column":66}},"59":{"start":{"line":97,"column":8},"end":{"line":99,"column":9}},"60":{"start":{"line":98,"column":12},"end":{"line":98,"column":144}},"61":{"start":{"line":100,"column":32},"end":{"line":100,"column":79}},"62":{"start":{"line":101,"column":8},"end":{"line":101,"column":95}},"63":{"start":{"line":101,"column":30},"end":{"line":101,"column":95}},"64":{"start":{"line":102,"column":8},"end":{"line":102,"column":66}},"65":{"start":{"line":104,"column":8},"end":{"line":104,"column":55}},"66":{"start":{"line":109,"column":0},"end":{"line":126,"column":3}},"67":{"start":{"line":110,"column":23},"end":{"line":110,"column":33}},"68":{"start":{"line":111,"column":22},"end":{"line":111,"column":30}},"69":{"start":{"line":113,"column":4},"end":{"line":125,"column":5}},"70":{"start":{"line":114,"column":8},"end":{"line":114,"column":42}},"71":{"start":{"line":115,"column":21},"end":{"line":120,"column":11}},"72":{"start":{"line":115,"column":37},"end":{"line":120,"column":9}},"73":{"start":{"line":121,"column":8},"end":{"line":121,"column":36}},"74":{"start":{"line":122,"column":8},"end":{"line":122,"column":63}},"75":{"start":{"line":124,"column":8},"end":{"line":124,"column":55}},"76":{"start":{"line":129,"column":0},"end":{"line":136,"column":3}},"77":{"start":{"line":130,"column":4},"end":{"line":135,"column":5}},"78":{"start":{"line":131,"column":22},"end":{"line":131,"column":68}},"79":{"start":{"line":132,"column":8},"end":{"line":132,"column":24}},"80":{"start":{"line":134,"column":8},"end":{"line":134,"column":55}},"81":{"start":{"line":139,"column":0},"end":{"line":160,"column":3}},"82":{"start":{"line":140,"column":4},"end":{"line":159,"column":5}},"83":{"start":{"line":141,"column":22},"end":{"line":141,"column":62}},"84":{"start":{"line":143,"column":26},"end":{"line":143,"column":72}},"85":{"start":{"line":145,"column":8},"end":{"line":145,"column":99}},"86":{"start":{"line":145,"column":32},"end":{"line":145,"column":99}},"87":{"start":{"line":148,"column":35},"end":{"line":153,"column":11}},"88":{"start":{"line":148,"column":55},"end":{"line":153,"column":9}},"89":{"start":{"line":155,"column":23},"end":{"line":155,"column":67}},"90":{"start":{"line":156,"column":8},"end":{"line":156,"column":25}},"91":{"start":{"line":158,"column":8},"end":{"line":158,"column":55}},"92":{"start":{"line":163,"column":0},"end":{"line":184,"column":3}},"93":{"start":{"line":164,"column":4},"end":{"line":183,"column":5}},"94":{"start":{"line":165,"column":22},"end":{"line":165,"column":62}},"95":{"start":{"line":167,"column":26},"end":{"line":167,"column":72}},"96":{"start":{"line":169,"column":8},"end":{"line":169,"column":99}},"97":{"start":{"line":169,"column":32},"end":{"line":169,"column":99}},"98":{"start":{"line":172,"column":35},"end":{"line":177,"column":11}},"99":{"start":{"line":172,"column":55},"end":{"line":177,"column":9}},"100":{"start":{"line":179,"column":23},"end":{"line":179,"column":67}},"101":{"start":{"line":180,"column":8},"end":{"line":180,"column":25}},"102":{"start":{"line":182,"column":8},"end":{"line":182,"column":55}},"103":{"start":{"line":186,"column":0},"end":{"line":186,"column":24}}},"fnMap":{"0":{"name":"(anonymous_0)","decl":{"start":{"line":9,"column":23},"end":{"line":9,"column":24}},"loc":{"start":{"line":9,"column":43},"end":{"line":16,"column":1}},"line":9},"1":{"name":"(anonymous_1)","decl":{"start":{"line":19,"column":24},"end":{"line":19,"column":25}},"loc":{"start":{"line":19,"column":44},"end":{"line":28,"column":1}},"line":19},"2":{"name":"(anonymous_2)","decl":{"start":{"line":31,"column":27},"end":{"line":31,"column":28}},"loc":{"start":{"line":31,"column":47},"end":{"line":40,"column":1}},"line":31},"3":{"name":"(anonymous_3)","decl":{"start":{"line":43,"column":30},"end":{"line":43,"column":31}},"loc":{"start":{"line":43,"column":50},"end":{"line":56,"column":1}},"line":43},"4":{"name":"(anonymous_4)","decl":{"start":{"line":59,"column":25},"end":{"line":59,"column":26}},"loc":{"start":{"line":59,"column":45},"end":{"line":66,"column":1}},"line":59},"5":{"name":"(anonymous_5)","decl":{"start":{"line":69,"column":26},"end":{"line":69,"column":27}},"loc":{"start":{"line":69,"column":46},"end":{"line":78,"column":1}},"line":69},"6":{"name":"(anonymous_6)","decl":{"start":{"line":81,"column":29},"end":{"line":81,"column":30}},"loc":{"start":{"line":81,"column":49},"end":{"line":90,"column":1}},"line":81},"7":{"name":"(anonymous_7)","decl":{"start":{"line":93,"column":32},"end":{"line":93,"column":33}},"loc":{"start":{"line":93,"column":52},"end":{"line":106,"column":1}},"line":93},"8":{"name":"(anonymous_8)","decl":{"start":{"line":109,"column":30},"end":{"line":109,"column":31}},"loc":{"start":{"line":109,"column":50},"end":{"line":126,"column":1}},"line":109},"9":{"name":"(anonymous_9)","decl":{"start":{"line":115,"column":31},"end":{"line":115,"column":32}},"loc":{"start":{"line":115,"column":37},"end":{"line":120,"column":9}},"line":115},"10":{"name":"(anonymous_10)","decl":{"start":{"line":129,"column":29},"end":{"line":129,"column":30}},"loc":{"start":{"line":129,"column":49},"end":{"line":136,"column":1}},"line":129},"11":{"name":"(anonymous_11)","decl":{"start":{"line":139,"column":34},"end":{"line":139,"column":35}},"loc":{"start":{"line":139,"column":54},"end":{"line":160,"column":1}},"line":139},"12":{"name":"(anonymous_12)","decl":{"start":{"line":148,"column":49},"end":{"line":148,"column":50}},"loc":{"start":{"line":148,"column":55},"end":{"line":153,"column":9}},"line":148},"13":{"name":"(anonymous_13)","decl":{"start":{"line":163,"column":34},"end":{"line":163,"column":35}},"loc":{"start":{"line":163,"column":54},"end":{"line":184,"column":1}},"line":163},"14":{"name":"(anonymous_14)","decl":{"start":{"line":172,"column":49},"end":{"line":172,"column":50}},"loc":{"start":{"line":172,"column":55},"end":{"line":177,"column":9}},"line":172}},"branchMap":{"0":{"loc":{"start":{"line":35,"column":8},"end":{"line":35,"column":91}},"type":"if","locations":[{"start":{"line":35,"column":8},"end":{"line":35,"column":91}},{"start":{},"end":{}}],"line":35},"1":{"loc":{"start":{"line":47,"column":8},"end":{"line":49,"column":9}},"type":"if","locations":[{"start":{"line":47,"column":8},"end":{"line":49,"column":9}},{"start":{},"end":{}}],"line":47},"2":{"loc":{"start":{"line":51,"column":8},"end":{"line":51,"column":91}},"type":"if","locations":[{"start":{"line":51,"column":8},"end":{"line":51,"column":91}},{"start":{},"end":{}}],"line":51},"3":{"loc":{"start":{"line":85,"column":8},"end":{"line":85,"column":95}},"type":"if","locations":[{"start":{"line":85,"column":8},"end":{"line":85,"column":95}},{"start":{},"end":{}}],"line":85},"4":{"loc":{"start":{"line":97,"column":8},"end":{"line":99,"column":9}},"type":"if","locations":[{"start":{"line":97,"column":8},"end":{"line":99,"column":9}},{"start":{},"end":{}}],"line":97},"5":{"loc":{"start":{"line":101,"column":8},"end":{"line":101,"column":95}},"type":"if","locations":[{"start":{"line":101,"column":8},"end":{"line":101,"column":95}},{"start":{},"end":{}}],"line":101},"6":{"loc":{"start":{"line":145,"column":8},"end":{"line":145,"column":99}},"type":"if","locations":[{"start":{"line":145,"column":8},"end":{"line":145,"column":99}},{"start":{},"end":{}}],"line":145},"7":{"loc":{"start":{"line":169,"column":8},"end":{"line":169,"column":99}},"type":"if","locations":[{"start":{"line":169,"column":8},"end":{"line":169,"column":99}},{"start":{},"end":{}}],"line":169}},"s":{"0":1,"1":1,"2":1,"3":1,"4":1,"5":1,"6":1,"7":3,"8":3,"9":3,"10":0,"11":1,"12":0,"13":0,"14":0,"15":0,"16":0,"17":0,"18":1,"19":0,"20":0,"21":0,"22":0,"23":0,"24":0,"25":0,"26":1,"27":0,"28":0,"29":0,"30":0,"31":0,"32":0,"33":0,"34":0,"35":0,"36":1,"37":3,"38":3,"39":3,"40":0,"41":1,"42":0,"43":0,"44":0,"45":0,"46":0,"47":0,"48":1,"49":0,"50":0,"51":0,"52":0,"53":0,"54":0,"55":0,"56":1,"57":0,"58":0,"59":0,"60":0,"61":0,"62":0,"63":0,"64":0,"65":0,"66":1,"67":0,"68":0,"69":0,"70":0,"71":0,"72":0,"73":0,"74":0,"75":0,"76":1,"77":0,"78":0,"79":0,"80":0,"81":1,"82":0,"83":0,"84":0,"85":0,"86":0,"87":0,"88":0,"89":0,"90":0,"91":0,"92":1,"93":0,"94":0,"95":0,"96":0,"97":0,"98":0,"99":0,"100":0,"101":0,"102":0,"103":1},"f":{"0":3,"1":0,"2":0,"3":0,"4":3,"5":0,"6":0,"7":0,"8":0,"9":0,"10":0,"11":0,"12":0,"13":0,"14":0},"b":{"0":[0,0],"1":[0,0],"2":[0,0],"3":[0,0],"4":[0,0],"5":[0,0],"6":[0,0],"7":[0,0]},"_coverageSchema":"1a1c01bbd47fc00a2c39e90264f33305004495a9","hash":"09f8340e455fd3768a68eca0b6508f6b4df802eb"}
,"C:\\Users\\WINDOWS\\Documents\\RepartoParlamentario\\backend\\utils\\allocation.js": {"path":"C:\\Users\\WINDOWS\\Documents\\RepartoParlamentario\\backend\\utils\\allocation.js","statementMap":{"0":{"start":{"line":1,"column":10},"end":{"line":1,"column":27}},"1":{"start":{"line":10,"column":4},"end":{"line":10,"column":63}},"2":{"start":{"line":10,"column":25},"end":{"line":10,"column":63}},"3":{"start":{"line":10,"column":60},"end":{"line":10,"column":61}},"4":{"start":{"line":12,"column":20},"end":{"line":12,"column":44}},"5":{"start":{"line":13,"column":23},"end":{"line":13,"column":53}},"6":{"start":{"line":14,"column":4},"end":{"line":14,"column":64}},"7":{"start":{"line":14,"column":26},"end":{"line":14,"column":64}},"8":{"start":{"line":14,"column":61},"end":{"line":14,"column":62}},"9":{"start":{"line":16,"column":18},"end":{"line":16,"column":41}},"10":{"start":{"line":17,"column":25},"end":{"line":17,"column":27}},"11":{"start":{"line":18,"column":21},"end":{"line":18,"column":23}},"12":{"start":{"line":19,"column":25},"end":{"line":19,"column":26}},"13":{"start":{"line":21,"column":4},"end":{"line":26,"column":7}},"14":{"start":{"line":22,"column":22},"end":{"line":22,"column":47}},"15":{"start":{"line":23,"column":8},"end":{"line":23,"column":40}},"16":{"start":{"line":24,"column":8},"end":{"line":24,"column":32}},"17":{"start":{"line":25,"column":8},"end":{"line":25,"column":73}},"18":{"start":{"line":28,"column":21},"end":{"line":28,"column":48}},"19":{"start":{"line":29,"column":4},"end":{"line":29,"column":57}},"20":{"start":{"line":29,"column":30},"end":{"line":29,"column":55}},"21":{"start":{"line":31,"column":4},"end":{"line":33,"column":5}},"22":{"start":{"line":31,"column":17},"end":{"line":31,"column":18}},"23":{"start":{"line":32,"column":8},"end":{"line":32,"column":48}},"24":{"start":{"line":35,"column":4},"end":{"line":35,"column":26}},"25":{"start":{"line":42,"column":33},"end":{"line":42,"column":35}},"26":{"start":{"line":43,"column":38},"end":{"line":43,"column":40}},"27":{"start":{"line":44,"column":31},"end":{"line":44,"column":33}},"28":{"start":{"line":47,"column":4},"end":{"line":50,"column":7}},"29":{"start":{"line":48,"column":20},"end":{"line":48,"column":40}},"30":{"start":{"line":49,"column":8},"end":{"line":49,"column":82}},"31":{"start":{"line":52,"column":34},"end":{"line":52,"column":76}},"32":{"start":{"line":55,"column":4},"end":{"line":93,"column":7}},"33":{"start":{"line":56,"column":30},"end":{"line":56,"column":91}},"34":{"start":{"line":56,"column":48},"end":{"line":56,"column":90}},"35":{"start":{"line":57,"column":25},"end":{"line":57,"column":27}},"36":{"start":{"line":58,"column":8},"end":{"line":60,"column":11}},"37":{"start":{"line":59,"column":12},"end":{"line":59,"column":56}},"38":{"start":{"line":62,"column":27},"end":{"line":62,"column":29}},"39":{"start":{"line":63,"column":8},"end":{"line":82,"column":9}},"40":{"start":{"line":65,"column":27},"end":{"line":65,"column":75}},"41":{"start":{"line":65,"column":73},"end":{"line":65,"column":74}},"42":{"start":{"line":66,"column":12},"end":{"line":68,"column":13}},"43":{"start":{"line":67,"column":16},"end":{"line":67,"column":44}},"44":{"start":{"line":69,"column":15},"end":{"line":82,"column":9}},"45":{"start":{"line":71,"column":12},"end":{"line":71,"column":57}},"46":{"start":{"line":72,"column":15},"end":{"line":82,"column":9}},"47":{"start":{"line":74,"column":39},"end":{"line":74,"column":69}},"48":{"start":{"line":75,"column":37},"end":{"line":75,"column":39}},"49":{"start":{"line":76,"column":12},"end":{"line":80,"column":15}},"50":{"start":{"line":77,"column":16},"end":{"line":79,"column":17}},"51":{"start":{"line":78,"column":20},"end":{"line":78,"column":46}},"52":{"start":{"line":81,"column":12},"end":{"line":81,"column":66}},"53":{"start":{"line":84,"column":8},"end":{"line":84,"column":60}},"54":{"start":{"line":87,"column":8},"end":{"line":92,"column":11}},"55":{"start":{"line":88,"column":12},"end":{"line":91,"column":13}},"56":{"start":{"line":89,"column":16},"end":{"line":89,"column":96}},"57":{"start":{"line":89,"column":53},"end":{"line":89,"column":96}},"58":{"start":{"line":90,"column":16},"end":{"line":90,"column":69}},"59":{"start":{"line":96,"column":26},"end":{"line":96,"column":28}},"60":{"start":{"line":97,"column":4},"end":{"line":101,"column":7}},"61":{"start":{"line":98,"column":8},"end":{"line":100,"column":11}},"62":{"start":{"line":99,"column":12},"end":{"line":99,"column":71}},"63":{"start":{"line":104,"column":29},"end":{"line":110,"column":5}},"64":{"start":{"line":105,"column":28},"end":{"line":105,"column":116}},"65":{"start":{"line":106,"column":27},"end":{"line":106,"column":52}},"66":{"start":{"line":107,"column":32},"end":{"line":107,"column":82}},"67":{"start":{"line":109,"column":8},"end":{"line":109,"column":77}},"68":{"start":{"line":112,"column":30},"end":{"line":112,"column":31}},"69":{"start":{"line":113,"column":21},"end":{"line":113,"column":43}},"70":{"start":{"line":114,"column":29},"end":{"line":114,"column":31}},"71":{"start":{"line":116,"column":4},"end":{"line":123,"column":7}},"72":{"start":{"line":117,"column":8},"end":{"line":122,"column":9}},"73":{"start":{"line":118,"column":12},"end":{"line":118,"column":56}},"74":{"start":{"line":119,"column":12},"end":{"line":119,"column":32}},"75":{"start":{"line":121,"column":12},"end":{"line":121,"column":39}},"76":{"start":{"line":125,"column":4},"end":{"line":135,"column":5}},"77":{"start":{"line":127,"column":31},"end":{"line":127,"column":33}},"78":{"start":{"line":128,"column":8},"end":{"line":130,"column":11}},"79":{"start":{"line":129,"column":12},"end":{"line":129,"column":60}},"80":{"start":{"line":131,"column":27},"end":{"line":131,"column":80}},"81":{"start":{"line":132,"column":8},"end":{"line":134,"column":11}},"82":{"start":{"line":133,"column":12},"end":{"line":133,"column":61}},"83":{"start":{"line":137,"column":4},"end":{"line":143,"column":6}},"84":{"start":{"line":142,"column":67},"end":{"line":142,"column":132}},"85":{"start":{"line":150,"column":33},"end":{"line":150,"column":35}},"86":{"start":{"line":151,"column":38},"end":{"line":151,"column":40}},"87":{"start":{"line":152,"column":31},"end":{"line":152,"column":33}},"88":{"start":{"line":154,"column":4},"end":{"line":157,"column":7}},"89":{"start":{"line":155,"column":20},"end":{"line":155,"column":40}},"90":{"start":{"line":156,"column":8},"end":{"line":156,"column":82}},"91":{"start":{"line":159,"column":34},"end":{"line":159,"column":76}},"92":{"start":{"line":161,"column":4},"end":{"line":177,"column":7}},"93":{"start":{"line":162,"column":30},"end":{"line":162,"column":91}},"94":{"start":{"line":162,"column":48},"end":{"line":162,"column":90}},"95":{"start":{"line":163,"column":25},"end":{"line":163,"column":27}},"96":{"start":{"line":164,"column":8},"end":{"line":166,"column":11}},"97":{"start":{"line":165,"column":12},"end":{"line":165,"column":56}},"98":{"start":{"line":168,"column":29},"end":{"line":168,"column":66}},"99":{"start":{"line":169,"column":8},"end":{"line":169,"column":60}},"100":{"start":{"line":171,"column":8},"end":{"line":176,"column":11}},"101":{"start":{"line":172,"column":12},"end":{"line":175,"column":13}},"102":{"start":{"line":173,"column":16},"end":{"line":173,"column":96}},"103":{"start":{"line":173,"column":53},"end":{"line":173,"column":96}},"104":{"start":{"line":174,"column":16},"end":{"line":174,"column":69}},"105":{"start":{"line":179,"column":26},"end":{"line":179,"column":28}},"106":{"start":{"line":180,"column":4},"end":{"line":184,"column":7}},"107":{"start":{"line":181,"column":8},"end":{"line":183,"column":11}},"108":{"start":{"line":182,"column":12},"end":{"line":182,"column":71}},"109":{"start":{"line":186,"column":29},"end":{"line":192,"column":5}},"110":{"start":{"line":187,"column":28},"end":{"line":187,"column":116}},"111":{"start":{"line":188,"column":27},"end":{"line":188,"column":52}},"112":{"start":{"line":189,"column":32},"end":{"line":189,"column":82}},"113":{"start":{"line":191,"column":8},"end":{"line":191,"column":77}},"114":{"start":{"line":194,"column":30},"end":{"line":194,"column":31}},"115":{"start":{"line":195,"column":21},"end":{"line":195,"column":43}},"116":{"start":{"line":196,"column":29},"end":{"line":196,"column":31}},"117":{"start":{"line":198,"column":4},"end":{"line":205,"column":7}},"118":{"start":{"line":199,"column":8},"end":{"line":204,"column":9}},"119":{"start":{"line":200,"column":12},"end":{"line":200,"column":56}},"120":{"start":{"line":201,"column":12},"end":{"line":201,"column":32}},"121":{"start":{"line":203,"column":12},"end":{"line":203,"column":39}},"122":{"start":{"line":207,"column":4},"end":{"line":216,"column":5}},"123":{"start":{"line":208,"column":31},"end":{"line":208,"column":33}},"124":{"start":{"line":209,"column":8},"end":{"line":211,"column":11}},"125":{"start":{"line":210,"column":12},"end":{"line":210,"column":60}},"126":{"start":{"line":212,"column":27},"end":{"line":212,"column":80}},"127":{"start":{"line":213,"column":8},"end":{"line":215,"column":11}},"128":{"start":{"line":214,"column":12},"end":{"line":214,"column":61}},"129":{"start":{"line":218,"column":4},"end":{"line":224,"column":6}},"130":{"start":{"line":223,"column":67},"end":{"line":223,"column":132}},"131":{"start":{"line":227,"column":0},"end":{"line":230,"column":2}}},"fnMap":{"0":{"name":"largestRemainder","decl":{"start":{"line":9,"column":9},"end":{"line":9,"column":25}},"loc":{"start":{"line":9,"column":48},"end":{"line":36,"column":1}},"line":9},"1":{"name":"(anonymous_1)","decl":{"start":{"line":10,"column":54},"end":{"line":10,"column":55}},"loc":{"start":{"line":10,"column":60},"end":{"line":10,"column":61}},"line":10},"2":{"name":"(anonymous_2)","decl":{"start":{"line":14,"column":55},"end":{"line":14,"column":56}},"loc":{"start":{"line":14,"column":61},"end":{"line":14,"column":62}},"line":14},"3":{"name":"(anonymous_3)","decl":{"start":{"line":21,"column":20},"end":{"line":21,"column":21}},"loc":{"start":{"line":21,"column":42},"end":{"line":26,"column":5}},"line":21},"4":{"name":"(anonymous_4)","decl":{"start":{"line":29,"column":20},"end":{"line":29,"column":21}},"loc":{"start":{"line":29,"column":30},"end":{"line":29,"column":55}},"line":29},"5":{"name":"calcularSenadores","decl":{"start":{"line":41,"column":9},"end":{"line":41,"column":26}},"loc":{"start":{"line":41,"column":45},"end":{"line":144,"column":1}},"line":41},"6":{"name":"(anonymous_6)","decl":{"start":{"line":47,"column":18},"end":{"line":47,"column":19}},"loc":{"start":{"line":47,"column":23},"end":{"line":50,"column":5}},"line":47},"7":{"name":"(anonymous_7)","decl":{"start":{"line":55,"column":22},"end":{"line":55,"column":23}},"loc":{"start":{"line":55,"column":27},"end":{"line":93,"column":5}},"line":55},"8":{"name":"(anonymous_8)","decl":{"start":{"line":56,"column":43},"end":{"line":56,"column":44}},"loc":{"start":{"line":56,"column":48},"end":{"line":56,"column":90}},"line":56},"9":{"name":"(anonymous_9)","decl":{"start":{"line":58,"column":30},"end":{"line":58,"column":31}},"loc":{"start":{"line":58,"column":35},"end":{"line":60,"column":9}},"line":58},"10":{"name":"(anonymous_10)","decl":{"start":{"line":65,"column":61},"end":{"line":65,"column":62}},"loc":{"start":{"line":65,"column":73},"end":{"line":65,"column":74}},"line":65},"11":{"name":"(anonymous_11)","decl":{"start":{"line":76,"column":45},"end":{"line":76,"column":46}},"loc":{"start":{"line":76,"column":59},"end":{"line":80,"column":13}},"line":76},"12":{"name":"(anonymous_12)","decl":{"start":{"line":87,"column":45},"end":{"line":87,"column":46}},"loc":{"start":{"line":87,"column":63},"end":{"line":92,"column":9}},"line":87},"13":{"name":"(anonymous_13)","decl":{"start":{"line":97,"column":46},"end":{"line":97,"column":47}},"loc":{"start":{"line":97,"column":57},"end":{"line":101,"column":5}},"line":97},"14":{"name":"(anonymous_14)","decl":{"start":{"line":98,"column":40},"end":{"line":98,"column":41}},"loc":{"start":{"line":98,"column":58},"end":{"line":100,"column":9}},"line":98},"15":{"name":"(anonymous_15)","decl":{"start":{"line":104,"column":29},"end":{"line":104,"column":30}},"loc":{"start":{"line":104,"column":38},"end":{"line":110,"column":5}},"line":104},"16":{"name":"(anonymous_16)","decl":{"start":{"line":116,"column":41},"end":{"line":116,"column":42}},"loc":{"start":{"line":116,"column":48},"end":{"line":123,"column":5}},"line":116},"17":{"name":"(anonymous_17)","decl":{"start":{"line":128,"column":33},"end":{"line":128,"column":34}},"loc":{"start":{"line":128,"column":40},"end":{"line":130,"column":9}},"line":128},"18":{"name":"(anonymous_18)","decl":{"start":{"line":132,"column":43},"end":{"line":132,"column":44}},"loc":{"start":{"line":132,"column":61},"end":{"line":134,"column":9}},"line":132},"19":{"name":"(anonymous_19)","decl":{"start":{"line":142,"column":62},"end":{"line":142,"column":63}},"loc":{"start":{"line":142,"column":67},"end":{"line":142,"column":132}},"line":142},"20":{"name":"calcularDiputados","decl":{"start":{"line":149,"column":9},"end":{"line":149,"column":26}},"loc":{"start":{"line":149,"column":45},"end":{"line":225,"column":1}},"line":149},"21":{"name":"(anonymous_21)","decl":{"start":{"line":154,"column":18},"end":{"line":154,"column":19}},"loc":{"start":{"line":154,"column":23},"end":{"line":157,"column":5}},"line":154},"22":{"name":"(anonymous_22)","decl":{"start":{"line":161,"column":22},"end":{"line":161,"column":23}},"loc":{"start":{"line":161,"column":27},"end":{"line":177,"column":5}},"line":161},"23":{"name":"(anonymous_23)","decl":{"start":{"line":162,"column":43},"end":{"line":162,"column":44}},"loc":{"start":{"line":162,"column":48},"end":{"line":162,"column":90}},"line":162},"24":{"name":"(anonymous_24)","decl":{"start":{"line":164,"column":30},"end":{"line":164,"column":31}},"loc":{"start":{"line":164,"column":35},"end":{"line":166,"column":9}},"line":164},"25":{"name":"(anonymous_25)","decl":{"start":{"line":171,"column":45},"end":{"line":171,"column":46}},"loc":{"start":{"line":171,"column":63},"end":{"line":176,"column":9}},"line":171},"26":{"name":"(anonymous_26)","decl":{"start":{"line":180,"column":46},"end":{"line":180,"column":47}},"loc":{"start":{"line":180,"column":57},"end":{"line":184,"column":5}},"line":180},"27":{"name":"(anonymous_27)","decl":{"start":{"line":181,"column":40},"end":{"line":181,"column":41}},"loc":{"start":{"line":181,"column":58},"end":{"line":183,"column":9}},"line":181},"28":{"name":"(anonymous_28)","decl":{"start":{"line":186,"column":29},"end":{"line":186,"column":30}},"loc":{"start":{"line":186,"column":38},"end":{"line":192,"column":5}},"line":186},"29":{"name":"(anonymous_29)","decl":{"start":{"line":198,"column":41},"end":{"line":198,"column":42}},"loc":{"start":{"line":198,"column":48},"end":{"line":205,"column":5}},"line":198},"30":{"name":"(anonymous_30)","decl":{"start":{"line":209,"column":33},"end":{"line":209,"column":34}},"loc":{"start":{"line":209,"column":40},"end":{"line":211,"column":9}},"line":209},"31":{"name":"(anonymous_31)","decl":{"start":{"line":213,"column":43},"end":{"line":213,"column":44}},"loc":{"start":{"line":213,"column":61},"end":{"line":215,"column":9}},"line":213},"32":{"name":"(anonymous_32)","decl":{"start":{"line":223,"column":62},"end":{"line":223,"column":63}},"loc":{"start":{"line":223,"column":67},"end":{"line":223,"column":132}},"line":223}},"branchMap":{"0":{"loc":{"start":{"line":10,"column":4},"end":{"line":10,"column":63}},"type":"if","locations":[{"start":{"line":10,"column":4},"end":{"line":10,"column":63}},{"start":{},"end":{}}],"line":10},"1":{"loc":{"start":{"line":14,"column":4},"end":{"line":14,"column":64}},"type":"if","locations":[{"start":{"line":14,"column":4},"end":{"line":14,"column":64}},{"start":{},"end":{}}],"line":14},"2":{"loc":{"start":{"line":49,"column":37},"end":{"line":49,"column":67}},"type":"binary-expr","locations":[{"start":{"line":49,"column":37},"end":{"line":49,"column":62}},{"start":{"line":49,"column":66},"end":{"line":49,"column":67}}],"line":49},"3":{"loc":{"start":{"line":63,"column":8},"end":{"line":82,"column":9}},"type":"if","locations":[{"start":{"line":63,"column":8},"end":{"line":82,"column":9}},{"start":{"line":69,"column":15},"end":{"line":82,"column":9}}],"line":63},"4":{"loc":{"start":{"line":66,"column":12},"end":{"line":68,"column":13}},"type":"if","locations":[{"start":{"line":66,"column":12},"end":{"line":68,"column":13}},{"start":{},"end":{}}],"line":66},"5":{"loc":{"start":{"line":66,"column":16},"end":{"line":66,"column":39}},"type":"binary-expr","locations":[{"start":{"line":66,"column":16},"end":{"line":66,"column":22}},{"start":{"line":66,"column":26},"end":{"line":66,"column":39}}],"line":66},"6":{"loc":{"start":{"line":69,"column":15},"end":{"line":82,"column":9}},"type":"if","locations":[{"start":{"line":69,"column":15},"end":{"line":82,"column":9}},{"start":{"line":72,"column":15},"end":{"line":82,"column":9}}],"line":69},"7":{"loc":{"start":{"line":72,"column":15},"end":{"line":82,"column":9}},"type":"if","locations":[{"start":{"line":72,"column":15},"end":{"line":82,"column":9}},{"start":{},"end":{}}],"line":72},"8":{"loc":{"start":{"line":77,"column":16},"end":{"line":79,"column":17}},"type":"if","locations":[{"start":{"line":77,"column":16},"end":{"line":79,"column":17}},{"start":{},"end":{}}],"line":77},"9":{"loc":{"start":{"line":77,"column":20},"end":{"line":77,"column":78}},"type":"binary-expr","locations":[{"start":{"line":77,"column":20},"end":{"line":77,"column":42}},{"start":{"line":77,"column":46},"end":{"line":77,"column":78}}],"line":77},"10":{"loc":{"start":{"line":88,"column":12},"end":{"line":91,"column":13}},"type":"if","locations":[{"start":{"line":88,"column":12},"end":{"line":91,"column":13}},{"start":{},"end":{}}],"line":88},"11":{"loc":{"start":{"line":89,"column":16},"end":{"line":89,"column":96}},"type":"if","locations":[{"start":{"line":89,"column":16},"end":{"line":89,"column":96}},{"start":{},"end":{}}],"line":89},"12":{"loc":{"start":{"line":99,"column":36},"end":{"line":99,"column":61}},"type":"binary-expr","locations":[{"start":{"line":99,"column":36},"end":{"line":99,"column":56}},{"start":{"line":99,"column":60},"end":{"line":99,"column":61}}],"line":99},"13":{"loc":{"start":{"line":105,"column":28},"end":{"line":105,"column":116}},"type":"cond-expr","locations":[{"start":{"line":105,"column":56},"end":{"line":105,"column":112}},{"start":{"line":105,"column":115},"end":{"line":105,"column":116}}],"line":105},"14":{"loc":{"start":{"line":105,"column":57},"end":{"line":105,"column":87}},"type":"binary-expr","locations":[{"start":{"line":105,"column":57},"end":{"line":105,"column":82}},{"start":{"line":105,"column":86},"end":{"line":105,"column":87}}],"line":105},"15":{"loc":{"start":{"line":106,"column":27},"end":{"line":106,"column":52}},"type":"binary-expr","locations":[{"start":{"line":106,"column":27},"end":{"line":106,"column":47}},{"start":{"line":106,"column":51},"end":{"line":106,"column":52}}],"line":106},"16":{"loc":{"start":{"line":107,"column":33},"end":{"line":107,"column":76}},"type":"binary-expr","locations":[{"start":{"line":107,"column":33},"end":{"line":107,"column":63}},{"start":{"line":107,"column":67},"end":{"line":107,"column":76}}],"line":107},"17":{"loc":{"start":{"line":109,"column":15},"end":{"line":109,"column":76}},"type":"binary-expr","locations":[{"start":{"line":109,"column":15},"end":{"line":109,"column":33}},{"start":{"line":109,"column":37},"end":{"line":109,"column":52}},{"start":{"line":109,"column":56},"end":{"line":109,"column":76}}],"line":109},"18":{"loc":{"start":{"line":117,"column":8},"end":{"line":122,"column":9}},"type":"if","locations":[{"start":{"line":117,"column":8},"end":{"line":122,"column":9}},{"start":{"line":120,"column":15},"end":{"line":122,"column":9}}],"line":117},"19":{"loc":{"start":{"line":125,"column":4},"end":{"line":135,"column":5}},"type":"if","locations":[{"start":{"line":125,"column":4},"end":{"line":135,"column":5}},{"start":{},"end":{}}],"line":125},"20":{"loc":{"start":{"line":125,"column":8},"end":{"line":125,"column":62}},"type":"binary-expr","locations":[{"start":{"line":125,"column":8},"end":{"line":125,"column":31}},{"start":{"line":125,"column":35},"end":{"line":125,"column":62}}],"line":125},"21":{"loc":{"start":{"line":133,"column":31},"end":{"line":133,"column":51}},"type":"binary-expr","locations":[{"start":{"line":133,"column":31},"end":{"line":133,"column":46}},{"start":{"line":133,"column":50},"end":{"line":133,"column":51}}],"line":133},"22":{"loc":{"start":{"line":142,"column":67},"end":{"line":142,"column":132}},"type":"cond-expr","locations":[{"start":{"line":142,"column":95},"end":{"line":142,"column":128}},{"start":{"line":142,"column":131},"end":{"line":142,"column":132}}],"line":142},"23":{"loc":{"start":{"line":156,"column":37},"end":{"line":156,"column":67}},"type":"binary-expr","locations":[{"start":{"line":156,"column":37},"end":{"line":156,"column":62}},{"start":{"line":156,"column":66},"end":{"line":156,"column":67}}],"line":156},"24":{"loc":{"start":{"line":172,"column":12},"end":{"line":175,"column":13}},"type":"if","locations":[{"start":{"line":172,"column":12},"end":{"line":175,"column":13}},{"start":{},"end":{}}],"line":172},"25":{"loc":{"start":{"line":173,"column":16},"end":{"line":173,"column":96}},"type":"if","locations":[{"start":{"line":173,"column":16},"end":{"line":173,"column":96}},{"start":{},"end":{}}],"line":173},"26":{"loc":{"start":{"line":182,"column":36},"end":{"line":182,"column":61}},"type":"binary-expr","locations":[{"start":{"line":182,"column":36},"end":{"line":182,"column":56}},{"start":{"line":182,"column":60},"end":{"line":182,"column":61}}],"line":182},"27":{"loc":{"start":{"line":187,"column":28},"end":{"line":187,"column":116}},"type":"cond-expr","locations":[{"start":{"line":187,"column":56},"end":{"line":187,"column":112}},{"start":{"line":187,"column":115},"end":{"line":187,"column":116}}],"line":187},"28":{"loc":{"start":{"line":187,"column":57},"end":{"line":187,"column":87}},"type":"binary-expr","locations":[{"start":{"line":187,"column":57},"end":{"line":187,"column":82}},{"start":{"line":187,"column":86},"end":{"line":187,"column":87}}],"line":187},"29":{"loc":{"start":{"line":188,"column":27},"end":{"line":188,"column":52}},"type":"binary-expr","locations":[{"start":{"line":188,"column":27},"end":{"line":188,"column":47}},{"start":{"line":188,"column":51},"end":{"line":188,"column":52}}],"line":188},"30":{"loc":{"start":{"line":189,"column":33},"end":{"line":189,"column":76}},"type":"binary-expr","locations":[{"start":{"line":189,"column":33},"end":{"line":189,"column":63}},{"start":{"line":189,"column":67},"end":{"line":189,"column":76}}],"line":189},"31":{"loc":{"start":{"line":191,"column":15},"end":{"line":191,"column":76}},"type":"binary-expr","locations":[{"start":{"line":191,"column":15},"end":{"line":191,"column":33}},{"start":{"line":191,"column":37},"end":{"line":191,"column":52}},{"start":{"line":191,"column":56},"end":{"line":191,"column":76}}],"line":191},"32":{"loc":{"start":{"line":199,"column":8},"end":{"line":204,"column":9}},"type":"if","locations":[{"start":{"line":199,"column":8},"end":{"line":204,"column":9}},{"start":{"line":202,"column":15},"end":{"line":204,"column":9}}],"line":199},"33":{"loc":{"start":{"line":207,"column":4},"end":{"line":216,"column":5}},"type":"if","locations":[{"start":{"line":207,"column":4},"end":{"line":216,"column":5}},{"start":{},"end":{}}],"line":207},"34":{"loc":{"start":{"line":207,"column":8},"end":{"line":207,"column":62}},"type":"binary-expr","locations":[{"start":{"line":207,"column":8},"end":{"line":207,"column":31}},{"start":{"line":207,"column":35},"end":{"line":207,"column":62}}],"line":207},"35":{"loc":{"start":{"line":214,"column":31},"end":{"line":214,"column":51}},"type":"binary-expr","locations":[{"start":{"line":214,"column":31},"end":{"line":214,"column":46}},{"start":{"line":214,"column":50},"end":{"line":214,"column":51}}],"line":214},"36":{"loc":{"start":{"line":223,"column":67},"end":{"line":223,"column":132}},"type":"cond-expr","locations":[{"start":{"line":223,"column":95},"end":{"line":223,"column":128}},{"start":{"line":223,"column":131},"end":{"line":223,"column":132}}],"line":223}},"s":{"0":1,"1":0,"2":0,"3":0,"4":0,"5":0,"6":0,"7":0,"8":0,"9":0,"10":0,"11":0,"12":0,"13":0,"14":0,"15":0,"16":0,"17":0,"18":0,"19":0,"20":0,"21":0,"22":0,"23":0,"24":0,"25":0,"26":0,"27":0,"28":0,"29":0,"30":0,"31":0,"32":0,"33":0,"34":0,"35":0,"36":0,"37":0,"38":0,"39":0,"40":0,"41":0,"42":0,"43":0,"44":0,"45":0,"46":0,"47":0,"48":0,"49":0,"50":0,"51":0,"52":0,"53":0,"54":0,"55":0,"56":0,"57":0,"58":0,"59":0,"60":0,"61":0,"62":0,"63":0,"64":0,"65":0,"66":0,"67":0,"68":0,"69":0,"70":0,"71":0,"72":0,"73":0,"74":0,"75":0,"76":0,"77":0,"78":0,"79":0,"80":0,"81":0,"82":0,"83":0,"84":0,"85":0,"86":0,"87":0,"88":0,"89":0,"90":0,"91":0,"92":0,"93":0,"94":0,"95":0,"96":0,"97":0,"98":0,"99":0,"100":0,"101":0,"102":0,"103":0,"104":0,"105":0,"106":0,"107":0,"108":0,"109":0,"110":0,"111":0,"112":0,"113":0,"114":0,"115":0,"116":0,"117":0,"118":0,"119":0,"120":0,"121":0,"122":0,"123":0,"124":0,"125":0,"126":0,"127":0,"128":0,"129":0,"130":0,"131":1},"f":{"0":0,"1":0,"2":0,"3":0,"4":0,"5":0,"6":0,"7":0,"8":0,"9":0,"10":0,"11":0,"12":0,"13":0,"14":0,"15":0,"16":0,"17":0,"18":0,"19":0,"20":0,"21":0,"22":0,"23":0,"24":0,"25":0,"26":0,"27":0,"28":0,"29":0,"30":0,"31":0,"32":0},"b":{"0":[0,0],"1":[0,0],"2":[0,0],"3":[0,0],"4":[0,0],"5":[0,0],"6":[0,0],"7":[0,0],"8":[0,0],"9":[0,0],"10":[0,0],"11":[0,0],"12":[0,0],"13":[0,0],"14":[0,0],"15":[0,0],"16":[0,0],"17":[0,0,0],"18":[0,0],"19":[0,0],"20":[0,0],"21":[0,0],"22":[0,0],"23":[0,0],"24":[0,0],"25":[0,0],"26":[0,0],"27":[0,0],"28":[0,0],"29":[0,0],"30":[0,0],"31":[0,0,0],"32":[0,0],"33":[0,0],"34":[0,0],"35":[0,0],"36":[0,0]},"_coverageSchema":"1a1c01bbd47fc00a2c39e90264f33305004495a9","hash":"cb23f685a892e4e5c2fcf22cb041792471bcfefa"}
}
